<?xml version="1.0" encoding="UTF-8"?>
<!-- Generated by org.testng.reporters.JUnitReportReporter -->
<testsuite hostname="Revathi_World" failures="0" tests="2" name="com.example.testNG.CalculatorTest" time="0.024" errors="0" timestamp="2025-08-18T13:52:00 IST" skipped="0">
  <testcase classname="com.example.testNG.CalculatorTest" name="testSubtract" time="0.022"/>
  <testcase classname="com.example.testNG.CalculatorTest" name="testAdd" time="0.002"/>
</testsuite> <!-- com.example.testNG.CalculatorTest -->
