<?xml version="1.0" encoding="UTF-8"?>
<!-- Generated by org.testng.reporters.JUnitReportReporter -->
<testsuite hostname="Revathi_World" failures="0" tests="1" name="GoogleTestWithReport" time="1.869" errors="0" timestamp="2025-08-20T15:39:02 IST" skipped="0">
  <testcase classname="GoogleTestWithReport" name="openGoogle" time="1.869"/>
</testsuite> <!-- GoogleTestWithReport -->
