<?xml version="1.0" encoding="UTF-8"?>
<!-- Generated by org.testng.reporters.JUnitReportReporter -->
<testsuite hostname="Revathi_World" failures="0" tests="3" name="DependencyTestExample" time="0.214" errors="0" timestamp="2025-08-20T16:07:56 IST" skipped="0">
  <testcase classname="DependencyTestExample" name="performLogin" time="0.008"/>
  <testcase classname="DependencyTestExample" name="launchWebsite" time="0.197"/>
  <testcase classname="DependencyTestExample" name="verifyDashboard" time="0.009"/>
</testsuite> <!-- DependencyTestExample -->
